<?xml version="1.0" encoding="UTF-8"?>
<testng-results skipped="0" failed="0" total="1" passed="1">
  <reporter-output>
    <line>
      <![CDATA[Application Launched Successfully]]>
    </line>
    <line>
      <![CDATA[Test Executed Successfully]]>
    </line>
  </reporter-output>
  <suite name="Amazon Web Store" duration-ms="75093" started-at="2018-03-13T05:34:35Z" finished-at="2018-03-13T05:35:50Z">
    <groups>
    </groups>
    <test name="Login" duration-ms="75093" started-at="2018-03-13T05:34:35Z" finished-at="2018-03-13T05:35:50Z">
      <class name="AutomationFramework.DriverTestNG">
        <test-method status="PASS" signature="beforeMethod()[pri:0, instance:AutomationFramework.DriverTestNG@146ba0ac]" name="beforeMethod" is-config="true" duration-ms="10098" started-at="2018-03-13T11:04:35Z" finished-at="2018-03-13T11:04:45Z">
          <reporter-output>
            <line>
              <![CDATA[Application Launched Successfully]]>
            </line>
          </reporter-output>
        </test-method> <!-- beforeMethod -->
        <test-method status="PASS" signature="home()[pri:0, instance:AutomationFramework.DriverTestNG@146ba0ac]" name="home" is-config="true" duration-ms="17284" started-at="2018-03-13T11:04:45Z" finished-at="2018-03-13T11:05:03Z">
          <reporter-output>
          </reporter-output>
        </test-method> <!-- home -->
        <test-method status="PASS" signature="login()[pri:0, instance:AutomationFramework.DriverTestNG@146ba0ac]" name="login" duration-ms="25455" started-at="2018-03-13T11:05:03Z" finished-at="2018-03-13T11:05:28Z">
          <reporter-output>
          </reporter-output>
        </test-method> <!-- login -->
        <test-method status="PASS" signature="logout()[pri:0, instance:AutomationFramework.DriverTestNG@146ba0ac]" name="logout" is-config="true" duration-ms="6941" started-at="2018-03-13T11:05:28Z" finished-at="2018-03-13T11:05:35Z">
          <reporter-output>
          </reporter-output>
        </test-method> <!-- logout -->
        <test-method status="PASS" signature="afterMethod()[pri:0, instance:AutomationFramework.DriverTestNG@146ba0ac]" name="afterMethod" is-config="true" duration-ms="15261" started-at="2018-03-13T11:05:35Z" finished-at="2018-03-13T11:05:50Z">
          <reporter-output>
            <line>
              <![CDATA[Test Executed Successfully]]>
            </line>
          </reporter-output>
        </test-method> <!-- afterMethod -->
      </class> <!-- AutomationFramework.DriverTestNG -->
    </test> <!-- Login -->
  </suite> <!-- Amazon Web Store -->
</testng-results>
